[0210/203505:INFO:broker_services.cc(467)] Target->Create 0 Error 122
[0210/204632:INFO:broker_services.cc(467)] Target->Create 0 Error 122
[0210/204650:INFO:broker_services.cc(467)] Target->Create 0 Error 122
[0210/204917:INFO:broker_services.cc(467)] Target->Create 0 Error 122
[0210/205028:INFO:broker_services.cc(467)] Target->Create 0 Error 122
[0210/205041:INFO:broker_services.cc(467)] Target->Create 0 Error 122
[0210/205605:INFO:broker_services.cc(467)] Target->Create 0 Error 122
[0210/210143:INFO:broker_services.cc(467)] Target->Create 0 Error 122
[0210/210334:INFO:broker_services.cc(467)] Target->Create 0 Error 122
[0210/210358:INFO:broker_services.cc(467)] Target->Create 0 Error 122
[0210/210810:INFO:broker_services.cc(467)] Target->Create 0 Error 122
[0210/210823:INFO:broker_services.cc(467)] Target->Create 0 Error 122
[0210/210928:INFO:broker_services.cc(467)] Target->Create 0 Error 122
[0210/211108:INFO:broker_services.cc(467)] Target->Create 0 Error 122
[0210/211113:INFO:broker_services.cc(467)] Target->Create 0 Error 122
[0210/211239:INFO:broker_services.cc(467)] Target->Create 0 Error 122
[0210/211434:INFO:broker_services.cc(467)] Target->Create 0 Error 122
[0210/211517:INFO:broker_services.cc(467)] Target->Create 0 Error 122
[0210/214259:INFO:broker_services.cc(467)] Target->Create 0 Error 122
[0210/214412:INFO:broker_services.cc(467)] Target->Create 0 Error 122
